c:\users\sahaj\onedrive\desktop\data structure notes\dsfinalproject\dsfinal\x64\debug\vc143.pdb
c:\users\sahaj\onedrive\desktop\data structure notes\dsfinalproject\dsfinal\x64\debug\vc143.idb
c:\users\sahaj\onedrive\desktop\data structure notes\dsfinalproject\dsfinal\x64\debug\quest.obj
c:\users\sahaj\onedrive\desktop\data structure notes\dsfinalproject\dsfinal\x64\debug\item.obj
c:\users\sahaj\onedrive\desktop\data structure notes\dsfinalproject\dsfinal\x64\debug\enemy.obj
c:\users\sahaj\onedrive\desktop\data structure notes\dsfinalproject\dsfinal\x64\debug\player.obj
c:\users\sahaj\onedrive\desktop\data structure notes\dsfinalproject\dsfinal\x64\debug\main.obj
c:\users\sahaj\onedrive\desktop\data structure notes\dsfinalproject\dsfinal\x64\debug\gameworld.obj
c:\users\sahaj\onedrive\desktop\data structure notes\dsfinalproject\x64\debug\dsfinal.pdb
c:\users\sahaj\onedrive\desktop\data structure notes\dsfinalproject\dsfinal\x64\debug\dsfinal.tlog\cl.command.1.tlog
c:\users\sahaj\onedrive\desktop\data structure notes\dsfinalproject\dsfinal\x64\debug\dsfinal.tlog\cl.read.1.tlog
c:\users\sahaj\onedrive\desktop\data structure notes\dsfinalproject\dsfinal\x64\debug\dsfinal.tlog\cl.write.1.tlog
c:\users\sahaj\onedrive\desktop\data structure notes\dsfinalproject\dsfinal\x64\debug\dsfinal.tlog\link-cvtres.read.1.tlog
c:\users\sahaj\onedrive\desktop\data structure notes\dsfinalproject\dsfinal\x64\debug\dsfinal.tlog\link-cvtres.write.1.tlog
c:\users\sahaj\onedrive\desktop\data structure notes\dsfinalproject\dsfinal\x64\debug\dsfinal.tlog\link-rc.read.1.tlog
c:\users\sahaj\onedrive\desktop\data structure notes\dsfinalproject\dsfinal\x64\debug\dsfinal.tlog\link-rc.write.1.tlog
c:\users\sahaj\onedrive\desktop\data structure notes\dsfinalproject\dsfinal\x64\debug\dsfinal.tlog\link.command.1.tlog
c:\users\sahaj\onedrive\desktop\data structure notes\dsfinalproject\dsfinal\x64\debug\dsfinal.tlog\link.read.1.tlog
c:\users\sahaj\onedrive\desktop\data structure notes\dsfinalproject\dsfinal\x64\debug\dsfinal.tlog\link.read.2.tlog
c:\users\sahaj\onedrive\desktop\data structure notes\dsfinalproject\dsfinal\x64\debug\dsfinal.tlog\link.write.1.tlog
